[debug] [2022-12-15T10:46:25.676Z] ----------------------------------------------------------------------
[debug] [2022-12-15T10:46:25.677Z] Command:       /home/gitpod/.nvm/versions/node/v16.18.1/bin/node /home/gitpod/.nvm/versions/node/v16.18.1/bin/firebase login
[debug] [2022-12-15T10:46:25.678Z] CLI Version:   11.18.0
[debug] [2022-12-15T10:46:25.678Z] Platform:      linux
[debug] [2022-12-15T10:46:25.678Z] Node Version:  v16.18.1
[debug] [2022-12-15T10:46:25.678Z] Time:          Thu Dec 15 2022 10:46:25 GMT+0000 (Coordinated Universal Time)
[debug] [2022-12-15T10:46:25.679Z] ----------------------------------------------------------------------
[debug] 
[info] i  Firebase optionally collects CLI and Emulator Suite usage and error reporting information to help improve our products. Data is collected in accordance with Google's privacy policy (https://policies.google.com/privacy) and is not used to identify you.
 
[info] 
[info] Visit this URL on this device to log in:
[info] https://accounts.google.com/o/oauth2/auth?client_id=563584335869-fgrhgmd47bqnekij5i8b5pr03ho849e6.apps.googleusercontent.com&scope=email%20openid%20https%3A%2F%2Fwww.googleapis.com%2Fauth%2Fcloudplatformprojects.readonly%20https%3A%2F%2Fwww.googleapis.com%2Fauth%2Ffirebase%20https%3A%2F%2Fwww.googleapis.com%2Fauth%2Fcloud-platform&response_type=code&state=20433569&redirect_uri=http%3A%2F%2Flocalhost%3A9005
[info] 
[info] Waiting for authentication...
[debug] [2022-12-15T10:47:31.670Z] ----------------------------------------------------------------------
[debug] [2022-12-15T10:47:31.671Z] Command:       /home/gitpod/.nvm/versions/node/v16.18.1/bin/node /home/gitpod/.nvm/versions/node/v16.18.1/bin/firebase login
[debug] [2022-12-15T10:47:31.672Z] CLI Version:   11.18.0
[debug] [2022-12-15T10:47:31.672Z] Platform:      linux
[debug] [2022-12-15T10:47:31.672Z] Node Version:  v16.18.1
[debug] [2022-12-15T10:47:31.672Z] Time:          Thu Dec 15 2022 10:47:31 GMT+0000 (Coordinated Universal Time)
[debug] [2022-12-15T10:47:31.673Z] ----------------------------------------------------------------------
[debug] 
[info] i  Firebase optionally collects CLI and Emulator Suite usage and error reporting information to help improve our products. Data is collected in accordance with Google's privacy policy (https://policies.google.com/privacy) and is not used to identify you.
 
[info] 
[info] Visit this URL on this device to log in:
[info] https://accounts.google.com/o/oauth2/auth?client_id=563584335869-fgrhgmd47bqnekij5i8b5pr03ho849e6.apps.googleusercontent.com&scope=email%20openid%20https%3A%2F%2Fwww.googleapis.com%2Fauth%2Fcloudplatformprojects.readonly%20https%3A%2F%2Fwww.googleapis.com%2Fauth%2Ffirebase%20https%3A%2F%2Fwww.googleapis.com%2Fauth%2Fcloud-platform&response_type=code&state=724738115&redirect_uri=http%3A%2F%2Flocalhost%3A9005
[info] 
[info] Waiting for authentication...
